2021-03-10 19:31:52.896  INFO 17540 --- [main] o.h.t.TrekOrganizerApplication           : Starting TrekOrganizerApplication using Java 15.0.2 on THDL7HVDJL with PID 17540 (C:\Users\Owner\IdeaProjects\Progress\trekOrganizer\target\classes started by Owner in C:\Users\Owner\IdeaProjects\Progress\trekOrganizer)
2021-03-10 19:31:52.908  INFO 17540 --- [main] o.h.t.TrekOrganizerApplication           : No active profile set, falling back to default profiles: default
2021-03-10 19:31:54.398  INFO 17540 --- [main] .s.d.r.c.RepositoryConfigurationDelegate : Bootstrapping Spring Data JPA repositories in DEFAULT mode.
2021-03-10 19:31:54.490  INFO 17540 --- [main] .s.d.r.c.RepositoryConfigurationDelegate : Finished Spring Data repository scanning in 77 ms. Found 4 JPA repository interfaces.
2021-03-10 19:31:55.333  INFO 17540 --- [main] o.s.b.w.embedded.tomcat.TomcatWebServer  : Tomcat initialized with port(s): 8080 (http)
2021-03-10 19:31:55.342  INFO 17540 --- [main] o.apache.catalina.core.StandardService   : Starting service [Tomcat]
2021-03-10 19:31:55.343  INFO 17540 --- [main] org.apache.catalina.core.StandardEngine  : Starting Servlet engine: [Apache Tomcat/9.0.43]
2021-03-10 19:31:55.460  INFO 17540 --- [main] o.a.c.c.C.[Tomcat].[localhost].[/]       : Initializing Spring embedded WebApplicationContext
2021-03-10 19:31:55.460  INFO 17540 --- [main] w.s.c.ServletWebServerApplicationContext : Root WebApplicationContext: initialization completed in 2450 ms
2021-03-10 19:31:55.514  INFO 17540 --- [main] com.zaxxer.hikari.HikariDataSource       : HikariPool-1 - Starting...
2021-03-10 19:31:55.833  INFO 17540 --- [main] com.zaxxer.hikari.HikariDataSource       : HikariPool-1 - Start completed.
2021-03-10 19:31:55.845  INFO 17540 --- [main] o.s.b.a.h2.H2ConsoleAutoConfiguration    : H2 console available at '/h2-console'. Database available at 'jdbc:h2:mem:testdb'
2021-03-10 19:31:56.115  INFO 17540 --- [main] o.hibernate.jpa.internal.util.LogHelper  : HHH000204: Processing PersistenceUnitInfo [name: default]
2021-03-10 19:31:56.217  INFO 17540 --- [main] org.hibernate.Version                    : HHH000412: Hibernate ORM core version 5.4.28.Final
2021-03-10 19:31:56.423  INFO 17540 --- [main] o.hibernate.annotations.common.Version   : HCANN000001: Hibernate Commons Annotations {5.1.2.Final}
2021-03-10 19:31:56.625  INFO 17540 --- [main] org.hibernate.dialect.Dialect            : HHH000400: Using dialect: org.hibernate.dialect.H2Dialect
2021-03-10 19:31:57.573  INFO 17540 --- [main] o.h.e.t.j.p.i.JtaPlatformInitiator       : HHH000490: Using JtaPlatform implementation: [org.hibernate.engine.transaction.jta.platform.internal.NoJtaPlatform]
2021-03-10 19:31:57.582  INFO 17540 --- [main] j.LocalContainerEntityManagerFactoryBean : Initialized JPA EntityManagerFactory for persistence unit 'default'
2021-03-10 19:31:58.408  WARN 17540 --- [main] JpaBaseConfiguration$JpaWebConfiguration : spring.jpa.open-in-view is enabled by default. Therefore, database queries may be performed during view rendering. Explicitly configure spring.jpa.open-in-view to disable this warning
2021-03-10 19:31:58.830  INFO 17540 --- [main] pertySourcedRequestMappingHandlerMapping : Mapped URL path [/v2/api-docs] onto method [springfox.documentation.swagger2.web.Swagger2Controller#getDocumentation(String, HttpServletRequest)]
2021-03-10 19:31:58.940  INFO 17540 --- [main] o.s.s.concurrent.ThreadPoolTaskExecutor  : Initializing ExecutorService 'applicationTaskExecutor'
2021-03-10 19:31:59.308  INFO 17540 --- [main] o.s.s.web.DefaultSecurityFilterChain     : Will secure any request with [org.springframework.security.web.context.request.async.WebAsyncManagerIntegrationFilter@79aa675b, org.springframework.security.web.context.SecurityContextPersistenceFilter@59043128, org.springframework.security.web.header.HeaderWriterFilter@5ce1ec7, org.springframework.web.filter.CorsFilter@3fe59f84, org.springframework.security.web.authentication.logout.LogoutFilter@34dda1b4, org.springframework.security.web.authentication.www.BasicAuthenticationFilter@3c6e407, org.springframework.security.web.savedrequest.RequestCacheAwareFilter@6f2b608e, org.springframework.security.web.servletapi.SecurityContextHolderAwareRequestFilter@770c3ca2, org.springframework.security.web.authentication.AnonymousAuthenticationFilter@38eafdab, org.springframework.security.web.session.SessionManagementFilter@549be307, org.springframework.security.web.access.ExceptionTranslationFilter@276eafad, org.springframework.security.web.access.intercept.FilterSecurityInterceptor@5a3d52a0]
2021-03-10 19:31:59.391  INFO 17540 --- [main] o.s.b.w.embedded.tomcat.TomcatWebServer  : Tomcat started on port(s): 8080 (http) with context path ''
2021-03-10 19:31:59.393  INFO 17540 --- [main] d.s.w.p.DocumentationPluginsBootstrapper : Context refreshed
2021-03-10 19:31:59.432  INFO 17540 --- [main] d.s.w.p.DocumentationPluginsBootstrapper : Found 1 custom documentation plugin(s)
2021-03-10 19:31:59.478  INFO 17540 --- [main] s.d.s.w.s.ApiListingReferenceScanner     : Scanning for api listing references
2021-03-10 19:31:59.983  INFO 17540 --- [main] o.h.t.TrekOrganizerApplication           : Started TrekOrganizerApplication in 7.673 seconds (JVM running for 8.362)
2021-03-10 19:32:55.579  INFO 17540 --- [http-nio-8080-exec-1] o.a.c.c.C.[Tomcat].[localhost].[/]       : Initializing Spring DispatcherServlet 'dispatcherServlet'
2021-03-10 19:32:55.580  INFO 17540 --- [http-nio-8080-exec-1] o.s.web.servlet.DispatcherServlet        : Initializing Servlet 'dispatcherServlet'
2021-03-10 19:32:55.583  INFO 17540 --- [http-nio-8080-exec-1] o.s.web.servlet.DispatcherServlet        : Completed initialization in 1 ms
2021-03-10 19:32:55.884  INFO 17540 --- [http-nio-8080-exec-1] o.h.t.controller.TrekkerController       : getAllTrekkers
2021-03-10 19:32:55.939  INFO 17540 --- [http-nio-8080-exec-1] o.h.t.controller.TrekkerController       : Found 3 trekker(s)
2021-03-10 19:36:03.248  INFO 17540 --- [http-nio-8080-exec-9] o.h.t.controller.TrekkerController       : getAllTrekkers
2021-03-10 19:36:03.250  INFO 17540 --- [http-nio-8080-exec-9] o.h.t.controller.TrekkerController       : Found 4 trekker(s)
2021-03-10 19:36:34.574  INFO 17540 --- [http-nio-8080-exec-2] o.h.t.controller.TrekkerController       : getAllTrekkers
2021-03-10 19:36:34.576  INFO 17540 --- [http-nio-8080-exec-2] o.h.t.controller.TrekkerController       : Found 4 trekker(s)
